<?xml version="1.0" encoding="UTF-8"?>
<!-- Generated by org.testng.reporters.JUnitXMLReporter -->
<testsuite ignored="0" hostname="LAPTOP-KC6STKOI" failures="1" tests="2" name="Test" time="8.878" errors="0" timestamp="2023-03-08T08:19:18 IST">
  <testcase classname="io.cucumber.testng.AbstractTestNGCucumberTests" name="runScenario" time="5.378"/>
  <testcase classname="io.cucumber.testng.AbstractTestNGCucumberTests" name="runScenario" time="2.62">
    <failure type="java.lang.AssertionError" message="expected [true] but found [false]">
      <![CDATA[java.lang.AssertionError: expected [true] but found [false]
at myntraStepDefinitions.Myntra_UpdateInfo_SD.clicks_on_edit_account_information(Myntra_UpdateInfo_SD.java:14)
at ✽.clicks on edit account information(file:///D:/Eclipse/cuc_java/src/test/resources/features/Myntra_UpdateInfo.feature:8)
... Removed 4 stack frames]]>
    </failure>
  </testcase> <!-- runScenario -->
</testsuite> <!-- Test -->
