<?xml version="1.0" encoding="UTF-8"?>
<testng-results ignored="0" total="2" passed="2" failed="0" skipped="0">
  <reporter-output>
  </reporter-output>
  <suite started-at="2023-03-08T13:01:12 IST" name="Suite" finished-at="2023-03-08T13:01:25 IST" duration-ms="13224">
    <groups>
      <group name="cucumber">
        <method signature="AbstractTestNGCucumberTests.runScenario(io.cucumber.testng.PickleWrapper,io.cucumber.testng.FeatureWrapper)[pri:0, instance:runnerFiles.MyRunnrr@16293aa2]" name="runScenario" class="io.cucumber.testng.AbstractTestNGCucumberTests"/>
      </group> <!-- cucumber -->
    </groups>
    <test started-at="2023-03-08T13:01:12 IST" name="Test" finished-at="2023-03-08T13:01:25 IST" duration-ms="13224">
      <class name="runnerFiles.MyRunnrr">
        <test-method is-config="true" signature="setUpClass(org.testng.ITestContext)[pri:0, instance:runnerFiles.MyRunnrr@16293aa2]" started-at="2023-03-08T13:01:12 IST" name="setUpClass" finished-at="2023-03-08T13:01:12 IST" duration-ms="625" status="PASS">
          <params>
            <param index="0">
              <value>
                <![CDATA[org.testng.TestRunner@63d5874f]]>
              </value>
            </param>
          </params>
          <reporter-output>
          </reporter-output>
        </test-method> <!-- setUpClass -->
        <test-method signature="runScenario(io.cucumber.testng.PickleWrapper,io.cucumber.testng.FeatureWrapper)[pri:0, instance:runnerFiles.MyRunnrr@16293aa2]" started-at="2023-03-08T13:01:12 IST" name="runScenario" description="Runs Cucumber Scenarios" data-provider="scenarios" finished-at="2023-03-08T13:01:21 IST" duration-ms="8948" status="PASS">
          <params>
            <param index="0">
              <value>
                <![CDATA["Login with credentials"]]>
              </value>
            </param>
            <param index="1">
              <value>
                <![CDATA["Login to account"]]>
              </value>
            </param>
          </params>
          <reporter-output>
          </reporter-output>
        </test-method> <!-- runScenario -->
        <test-method signature="runScenario(io.cucumber.testng.PickleWrapper,io.cucumber.testng.FeatureWrapper)[pri:0, instance:runnerFiles.MyRunnrr@16293aa2]" started-at="2023-03-08T13:01:21 IST" name="runScenario" description="Runs Cucumber Scenarios" data-provider="scenarios" finished-at="2023-03-08T13:01:25 IST" duration-ms="3535" status="PASS">
          <params>
            <param index="0">
              <value>
                <![CDATA["Edit own account information"]]>
              </value>
            </param>
            <param index="1">
              <value>
                <![CDATA["Unknown"]]>
              </value>
            </param>
          </params>
          <reporter-output>
          </reporter-output>
        </test-method> <!-- runScenario -->
        <test-method is-config="true" signature="tearDownClass()[pri:0, instance:runnerFiles.MyRunnrr@16293aa2]" started-at="2023-03-08T13:01:25 IST" name="tearDownClass" finished-at="2023-03-08T13:01:25 IST" duration-ms="60" status="PASS">
          <reporter-output>
          </reporter-output>
        </test-method> <!-- tearDownClass -->
      </class> <!-- runnerFiles.MyRunnrr -->
    </test> <!-- Test -->
  </suite> <!-- Suite -->
</testng-results>
