<?xml version="1.0" encoding="UTF-8"?>
<testsuite xmlns:xsi="http://www.w3.org/2001/XMLSchema-instance" xsi:noNamespaceSchemaLocation="https://maven.apache.org/surefire/maven-surefire-plugin/xsd/surefire-test-report-3.0.xsd" version="3.0" name="TestSuite" time="13.924" tests="2" errors="0" skipped="0" failures="0">
  <properties>
[...]
</properties>
  <testcase name="runScenario[&quot;Login with credentials&quot;, &quot;Login to account&quot;](1)" classname="runnerFiles.MyRunnrr" time="8.951">
    <system-out><![CDATA[
Scenario: Login with credentials                            &amp#27;[90m# src/test/resources/features/Myntra_Login.feature:4&amp#27;[0m
Sai pavan
  &amp#27;[32mGiven &amp#27;[0m&amp#27;[32mUser opens browser and Navigated to login page&amp#27;[0m      &amp#27;[90m# myntraStepDefinitions.Myntra_Login_SD.user_opens_browser_and_navigated_to_login_page()&amp#27;[0m
  &amp#27;[32mWhen &amp#27;[0m&amp#27;[32muser provided &amp#27;[0m&amp#27;[32m&amp#27;[1m"saipavan@yopmail.com"&amp#27;[0m&amp#27;[32m and  &amp#27;[0m&amp#27;[32m&amp#27;[1m"Sai@1234"&amp#27;[0m &amp#27;[90m# myntraStepDefinitions.Myntra_Login_SD.user_provided_something_and_something(java.lang.String,java.lang.String)&amp#27;[0m
SSSSSSSSSSSSSSSSSs
  &amp#27;[32mAnd &amp#27;[0m&amp#27;[32mclicks on Login button&amp#27;[0m                                &amp#27;[90m# myntraStepDefinitions.Myntra_Login_SD.clicks_on_login_button()&amp#27;[0m
  &amp#27;[32mThen &amp#27;[0m&amp#27;[32muser should be redirected to Account page&amp#27;[0m            &amp#27;[90m# myntraStepDefinitions.Myntra_Login_SD.user_should_be_redirected_to_account_page()&amp#27;[0m
]]></system-out>
    <system-err><![CDATA[SLF4J: Failed to load class "org.slf4j.impl.StaticLoggerBinder".
SLF4J: Defaulting to no-operation (NOP) logger implementation
SLF4J: See http://www.slf4j.org/codes.html#StaticLoggerBinder for further details.
Starting ChromeDriver 110.0.5481.77 (65ed616c6e8ee3fe0ad64fe83796c020644d42af-refs/branch-heads/5481@{#839}) on port 1044
Only local connections are allowed.
Please see https://chromedriver.chromium.org/security-considerations for suggestions on keeping ChromeDriver safe.
ChromeDriver was started successfully.
[1678260677.586][WARNING]: virtual void DevToolsClientImpl::AddListener(DevToolsEventListener *) subscribing a listener to the already connected DevToolsClient. Connection notification will not arrive.
Mar 08, 2023 1:01:17 PM org.openqa.selenium.devtools.CdpVersionFinder findNearestMatch
WARNING: Unable to find an exact match for CDP version 110, so returning the closest version found: 107
Mar 08, 2023 1:01:21 PM org.openqa.selenium.remote.http.WebSocket$Listener onError
WARNING: Connection reset
java.net.SocketException: Connection reset
	at java.base/sun.nio.ch.SocketChannelImpl.throwConnectionReset(SocketChannelImpl.java:401)
	at java.base/sun.nio.ch.SocketChannelImpl.read(SocketChannelImpl.java:434)
	at io.netty.buffer.PooledByteBuf.setBytes(PooledByteBuf.java:259)
	at io.netty.buffer.AbstractByteBuf.writeBytes(AbstractByteBuf.java:1132)
	at io.netty.channel.socket.nio.NioSocketChannel.doReadBytes(NioSocketChannel.java:357)
	at io.netty.channel.nio.AbstractNioByteChannel$NioByteUnsafe.read(AbstractNioByteChannel.java:151)
	at io.netty.channel.nio.NioEventLoop.processSelectedKey(NioEventLoop.java:788)
	at io.netty.channel.nio.NioEventLoop.processSelectedKeysOptimized(NioEventLoop.java:724)
	at io.netty.channel.nio.NioEventLoop.processSelectedKeys(NioEventLoop.java:650)
	at io.netty.channel.nio.NioEventLoop.run(NioEventLoop.java:562)
	at io.netty.util.concurrent.SingleThreadEventExecutor$4.run(SingleThreadEventExecutor.java:997)
	at io.netty.util.internal.ThreadExecutorMap$2.run(ThreadExecutorMap.java:74)
	at io.netty.util.concurrent.FastThreadLocalRunnable.run(FastThreadLocalRunnable.java:30)
	at java.base/java.lang.Thread.run(Thread.java:1589)

]]></system-err>
  </testcase>
  <testcase name="runScenario[&quot;Edit own account information&quot;, &quot;Unknown&quot;](2)" classname="runnerFiles.MyRunnrr" time="3.531">
    <system-out><![CDATA[
Scenario: Edit own account information                      &amp#27;[90m# src/test/resources/features/Myntra_UpdateInfo.feature:3&amp#27;[0m
Sai pavan
  &amp#27;[32mGiven &amp#27;[0m&amp#27;[32mUser opens browser and Navigated to login page&amp#27;[0m      &amp#27;[90m# myntraStepDefinitions.Myntra_Login_SD.user_opens_browser_and_navigated_to_login_page()&amp#27;[0m
  &amp#27;[32mWhen &amp#27;[0m&amp#27;[32muser provided &amp#27;[0m&amp#27;[32m&amp#27;[1m"saipavan@yopmail.com"&amp#27;[0m&amp#27;[32m and  &amp#27;[0m&amp#27;[32m&amp#27;[1m"Sai@1234"&amp#27;[0m &amp#27;[90m# myntraStepDefinitions.Myntra_Login_SD.user_provided_something_and_something(java.lang.String,java.lang.String)&amp#27;[0m
SSSSSSSSSSSSSSSSSs
  &amp#27;[32mAnd &amp#27;[0m&amp#27;[32mclicks on Login button&amp#27;[0m                                &amp#27;[90m# myntraStepDefinitions.Myntra_Login_SD.clicks_on_login_button()&amp#27;[0m
http://tutorialsninja.com/demo/index.php?route=account/account
  &amp#27;[32mAnd &amp#27;[0m&amp#27;[32mclicks on edit account information&amp#27;[0m                    &amp#27;[90m# myntraStepDefinitions.Myntra_UpdateInfo_SD.clicks_on_edit_account_information()&amp#27;[0m
  &amp#27;[32mAnd &amp#27;[0m&amp#27;[32mupdate &amp#27;[0m&amp#27;[32m&amp#27;[1m"First Name"&amp#27;[0m&amp#27;[32m and &amp#27;[0m&amp#27;[32m&amp#27;[1m"Telephone"&amp#27;[0m&amp#27;[32m fields&amp#27;[0m            &amp#27;[90m# myntraStepDefinitions.Myntra_UpdateInfo_SD.update_something_and_something_fields(java.lang.String,java.lang.String)&amp#27;[0m
  &amp#27;[32mThen &amp#27;[0m&amp#27;[32minformation should be updated&amp#27;[0m                        &amp#27;[90m# myntraStepDefinitions.Myntra_UpdateInfo_SD.information_should_be_updated()&amp#27;[0m
]]></system-out>
    <system-err><![CDATA[Starting ChromeDriver 110.0.5481.77 (65ed616c6e8ee3fe0ad64fe83796c020644d42af-refs/branch-heads/5481@{#839}) on port 21553
Only local connections are allowed.
Please see https://chromedriver.chromium.org/security-considerations for suggestions on keeping ChromeDriver safe.
ChromeDriver was started successfully.
[1678260682.704][WARNING]: virtual void DevToolsClientImpl::AddListener(DevToolsEventListener *) subscribing a listener to the already connected DevToolsClient. Connection notification will not arrive.
Mar 08, 2023 1:01:22 PM org.openqa.selenium.devtools.CdpVersionFinder findNearestMatch
WARNING: Unable to find an exact match for CDP version 110, so returning the closest version found: 107
Mar 08, 2023 1:01:25 PM org.openqa.selenium.remote.http.WebSocket$Listener onError
WARNING: Connection reset
java.net.SocketException: Connection reset
	at java.base/sun.nio.ch.SocketChannelImpl.throwConnectionReset(SocketChannelImpl.java:401)
	at java.base/sun.nio.ch.SocketChannelImpl.read(SocketChannelImpl.java:434)
	at io.netty.buffer.PooledByteBuf.setBytes(PooledByteBuf.java:259)
	at io.netty.buffer.AbstractByteBuf.writeBytes(AbstractByteBuf.java:1132)
	at io.netty.channel.socket.nio.NioSocketChannel.doReadBytes(NioSocketChannel.java:357)
	at io.netty.channel.nio.AbstractNioByteChannel$NioByteUnsafe.read(AbstractNioByteChannel.java:151)
	at io.netty.channel.nio.NioEventLoop.processSelectedKey(NioEventLoop.java:788)
	at io.netty.channel.nio.NioEventLoop.processSelectedKeysOptimized(NioEventLoop.java:724)
	at io.netty.channel.nio.NioEventLoop.processSelectedKeys(NioEventLoop.java:650)
	at io.netty.channel.nio.NioEventLoop.run(NioEventLoop.java:562)
	at io.netty.util.concurrent.SingleThreadEventExecutor$4.run(SingleThreadEventExecutor.java:997)
	at io.netty.util.internal.ThreadExecutorMap$2.run(ThreadExecutorMap.java:74)
	at io.netty.util.concurrent.FastThreadLocalRunnable.run(FastThreadLocalRunnable.java:30)
	at java.base/java.lang.Thread.run(Thread.java:1589)

]]></system-err>
  </testcase>
</testsuite>