<?xml version="1.0" encoding="UTF-8"?>
<!-- Generated by org.testng.reporters.JUnitReportReporter -->
<testsuite hostname="LAPTOP-KC6STKOI" failures="1" tests="2" name="runnerFiles.MyRunnrr" time="7.998" errors="0" timestamp="2023-03-08T08:19:18 IST" skipped="0">
  <testcase classname="runnerFiles.MyRunnrr" name="runScenario" time="2.620">
    <failure message="expected [true] but found [false]" type="java.lang.AssertionError">
      <![CDATA[java.lang.AssertionError: expected [true] but found [false]
at org.testng.Assert.fail(Assert.java:99)
at org.testng.Assert.failNotEquals(Assert.java:1037)
at org.testng.Assert.assertTrue(Assert.java:45)
at org.testng.Assert.assertTrue(Assert.java:55)
at myntraStepDefinitions.Myntra_UpdateInfo_SD.clicks_on_edit_account_information(Myntra_UpdateInfo_SD.java:14)
at ✽.clicks on edit account information(file:///D:/Eclipse/cuc_java/src/test/resources/features/Myntra_UpdateInfo.feature:8)
]]>
    </failure>
  </testcase> <!-- runScenario -->
  <system-out/>
  <testcase classname="runnerFiles.MyRunnrr" name="runScenario" time="5.378"/>
  <system-out/>
</testsuite> <!-- runnerFiles.MyRunnrr -->
